\BOOKMARK [0][-]{cover.0}{Cover}{}% 1
\BOOKMARK [0][-]{chapter.1}{Introduction}{}% 2
\BOOKMARK [1][-]{section.1.1}{Context}{chapter.1}% 3
\BOOKMARK [1][-]{section.1.2}{Problem and Motivation}{chapter.1}% 4
\BOOKMARK [1][-]{section.1.3}{Goals and Scientific Contribution}{chapter.1}% 5
\BOOKMARK [1][-]{section.1.4}{Document Structure}{chapter.1}% 6
\BOOKMARK [0][-]{chapter.2}{State of the Art}{}% 7
\BOOKMARK [1][-]{section.2.1}{Homogeneous Platforms Environment}{chapter.2}% 8
\BOOKMARK [2][-]{subsection.2.1.1}{The Hardware}{section.2.1}% 9
\BOOKMARK [2][-]{subsection.2.1.2}{The Software}{section.2.1}% 10
\BOOKMARK [1][-]{section.2.2}{Heterogeneous Platforms Environment}{chapter.2}% 11
\BOOKMARK [2][-]{subsection.2.2.1}{Computing Accelerators}{section.2.2}% 12
\BOOKMARK [2][-]{subsection.2.2.2}{The Software}{section.2.2}% 13
\BOOKMARK [1][-]{section.2.3}{The Computational Particle Physics}{chapter.2}% 14
\BOOKMARK [1][-]{section.2.4}{Profiling Tools and Libraries}{chapter.2}% 15
\BOOKMARK [0][-]{chapter.3}{An Unified Efficient Particle Physics Framework}{}% 16
\BOOKMARK [1][-]{section.3.1}{The LipMiniAnalysis Skeleton Library}{chapter.3}% 17
\BOOKMARK [1][-]{section.3.2}{The Proposed Framework for Particle Physicists}{chapter.3}% 18
\BOOKMARK [2][-]{subsection.3.2.1}{Usage and Workflow}{section.3.2}% 19
\BOOKMARK [2][-]{subsection.3.2.2}{Preliminary Prototypes}{section.3.2}% 20
\BOOKMARK [2][-]{subsection.3.2.3}{The Underlying Middleware for Heterogeneous Environments}{section.3.2}% 21
\BOOKMARK [0][-]{chapter.4}{Research Plan}{}% 22
\BOOKMARK [0][-]{references.0}{References}{}% 23
